<?xml version="1.0" encoding="utf-8" standalone="no"?>
<!--This file represents the results of running a test suite-->
<test-results name="D:\Documents and Settings\TerryQ\My Documents\visual studio 2010\Projects\PayRoll\PayRoll.UnitTest\bin\Debug\PayRoll.UnitTest.dll" total="36" errors="0" failures="0" not-run="0" inconclusive="0" ignored="0" skipped="0" invalid="0" date="2014-06-10" time="11:17:42">
  <environment nunit-version="2.6.2.12296" clr-version="2.0.50727.3655" os-version="Microsoft Windows NT 5.1.2600 Service Pack 3" platform="Win32NT" cwd="C:\Program Files\NUnit 2.6.2\bin" machine-name="TERRYQ-A6092DCD" user="TerryQ" user-domain="TERRYQ-A6092DCD" />
  <culture-info current-culture="zh-CN" current-uiculture="zh-CN" />
  <test-suite type="Assembly" name="D:\Documents and Settings\TerryQ\My Documents\visual studio 2010\Projects\PayRoll\PayRoll.UnitTest\bin\Debug\PayRoll.UnitTest.dll" executed="True" result="Success" success="True" time="2.094" asserts="0">
    <results>
      <test-suite type="Namespace" name="PayRoll" executed="True" result="Success" success="True" time="2.094" asserts="0">
        <results>
          <test-suite type="Namespace" name="UnitTest" executed="True" result="Success" success="True" time="2.078" asserts="0">
            <results>
              <test-suite type="Namespace" name="BLL" executed="True" result="Success" success="True" time="1.094" asserts="0">
                <results>
                  <test-suite type="TestFixture" name="AddCommissionedEmployeeTest" executed="True" result="Success" success="True" time="0.109" asserts="0">
                    <results>
                      <test-case name="PayRoll.UnitTest.BLL.AddCommissionedEmployeeTest.ExecuteTest" executed="True" result="Success" success="True" time="0.078" asserts="7" />
                    </results>
                  </test-suite>
                  <test-suite type="TestFixture" name="AddHourlyEmployeeTest" executed="True" result="Success" success="True" time="0.016" asserts="0">
                    <results>
                      <test-case name="PayRoll.UnitTest.BLL.AddHourlyEmployeeTest.ExecuteTest" executed="True" result="Success" success="True" time="0.000" asserts="6" />
                    </results>
                  </test-suite>
                  <test-suite type="TestFixture" name="AddSalariedEmployeeTest" executed="True" result="Success" success="True" time="0.000" asserts="0">
                    <results>
                      <test-case name="PayRoll.UnitTest.BLL.AddSalariedEmployeeTest.ExecuteTest" executed="True" result="Success" success="True" time="0.000" asserts="6" />
                    </results>
                  </test-suite>
                  <test-suite type="TestFixture" name="BiWeeklyScheduleTest" executed="True" result="Success" success="True" time="0.031" asserts="0">
                    <results>
                      <test-case name="PayRoll.UnitTest.BLL.BiWeeklyScheduleTest.IsEvenWeekTest_IsEven" executed="True" result="Success" success="True" time="0.000" asserts="21" />
                      <test-case name="PayRoll.UnitTest.BLL.BiWeeklyScheduleTest.IsEvenWeekTest_IsNotEven" executed="True" result="Success" success="True" time="0.016" asserts="21" />
                    </results>
                  </test-suite>
                  <test-suite type="TestFixture" name="ChangeAddressTransactionTest" executed="True" result="Success" success="True" time="0.016" asserts="0">
                    <results>
                      <test-case name="PayRoll.UnitTest.BLL.ChangeAddressTransactionTest.Execute" executed="True" result="Success" success="True" time="0.000" asserts="2" />
                    </results>
                  </test-suite>
                  <test-suite type="TestFixture" name="ChangeCommissionedTransactionTest" executed="True" result="Success" success="True" time="0.016" asserts="0">
                    <results>
                      <test-case name="PayRoll.UnitTest.BLL.ChangeCommissionedTransactionTest.ExecuteTest" executed="True" result="Success" success="True" time="0.000" asserts="5" />
                    </results>
                  </test-suite>
                  <test-suite type="TestFixture" name="ChangeDirectTransactionTest" executed="True" result="Success" success="True" time="0.000" asserts="0">
                    <results>
                      <test-case name="PayRoll.UnitTest.BLL.ChangeDirectTransactionTest.ExecuteTest" executed="True" result="Success" success="True" time="0.000" asserts="5" />
                    </results>
                  </test-suite>
                  <test-suite type="TestFixture" name="ChangeHoldTransactionTest" executed="True" result="Success" success="True" time="0.000" asserts="0">
                    <results>
                      <test-case name="PayRoll.UnitTest.BLL.ChangeHoldTransactionTest.ExecuteTest" executed="True" result="Success" success="True" time="0.000" asserts="2" />
                    </results>
                  </test-suite>
                  <test-suite type="TestFixture" name="ChangeHourlyTransactionTest" executed="True" result="Success" success="True" time="0.016" asserts="0">
                    <results>
                      <test-case name="PayRoll.UnitTest.BLL.ChangeHourlyTransactionTest.ExecuteTest" executed="True" result="Success" success="True" time="0.000" asserts="4" />
                    </results>
                  </test-suite>
                  <test-suite type="TestFixture" name="ChangeMailTransactionTest" executed="True" result="Success" success="True" time="0.016" asserts="0">
                    <results>
                      <test-case name="PayRoll.UnitTest.BLL.ChangeMailTransactionTest.ExecuteTest" executed="True" result="Success" success="True" time="0.000" asserts="4" />
                    </results>
                  </test-suite>
                  <test-suite type="TestFixture" name="ChangeMemberTransactionTest" executed="True" result="Success" success="True" time="0.016" asserts="0">
                    <results>
                      <test-case name="PayRoll.UnitTest.BLL.ChangeMemberTransactionTest.ExecuteTest" executed="True" result="Success" success="True" time="0.000" asserts="6" />
                    </results>
                  </test-suite>
                  <test-suite type="TestFixture" name="ChangeNameTransactionTest" executed="True" result="Success" success="True" time="0.000" asserts="0">
                    <results>
                      <test-case name="PayRoll.UnitTest.BLL.ChangeNameTransactionTest.ExecuteTest" executed="True" result="Success" success="True" time="0.000" asserts="2" />
                    </results>
                  </test-suite>
                  <test-suite type="TestFixture" name="ChangeSalariedTransactionTest" executed="True" result="Success" success="True" time="0.000" asserts="0">
                    <results>
                      <test-case name="PayRoll.UnitTest.BLL.ChangeSalariedTransactionTest.ExecuteTest" executed="True" result="Success" success="True" time="0.000" asserts="4" />
                    </results>
                  </test-suite>
                  <test-suite type="TestFixture" name="ChangeUnaffiliationTransactionTest" executed="True" result="Success" success="True" time="0.000" asserts="0">
                    <results>
                      <test-case name="PayRoll.UnitTest.BLL.ChangeUnaffiliationTransactionTest.ExecuteTest" executed="True" result="Success" success="True" time="0.000" asserts="6" />
                    </results>
                  </test-suite>
                  <test-suite type="TestFixture" name="DeleteEmployeeTest" executed="True" result="Success" success="True" time="0.000" asserts="0">
                    <results>
                      <test-case name="PayRoll.UnitTest.BLL.DeleteEmployeeTest.ExecuteTest" executed="True" result="Success" success="True" time="0.000" asserts="3" />
                    </results>
                  </test-suite>
                  <test-suite type="TestFixture" name="PayDayTransactionTest" executed="True" result="Success" success="True" time="0.344" asserts="0">
                    <results>
                      <test-case name="PayRoll.UnitTest.BLL.PayDayTransactionTest.ExecuteTest_HourlyUnionMemberServiceCharge" executed="True" result="Success" success="True" time="0.000" asserts="6" />
                      <test-case name="PayRoll.UnitTest.BLL.PayDayTransactionTest.ExecuteTest_PayHourlyEmployeeNoTimeCard" executed="True" result="Success" success="True" time="0.000" asserts="7" />
                      <test-case name="PayRoll.UnitTest.BLL.PayDayTransactionTest.ExecuteTest_PayHourlyEmployeeOneTimeCard" executed="True" result="Success" success="True" time="0.000" asserts="6" />
                      <test-case name="PayRoll.UnitTest.BLL.PayDayTransactionTest.ExecuteTest_PayHourlyEmployeeOnWrongDate" executed="True" result="Success" success="True" time="0.000" asserts="1" />
                      <test-case name="PayRoll.UnitTest.BLL.PayDayTransactionTest.ExecuteTest_PayHourlyEmployeeOvertimeOneTimeCard" executed="True" result="Success" success="True" time="0.000" asserts="6" />
                      <test-case name="PayRoll.UnitTest.BLL.PayDayTransactionTest.ExecuteTest_PaySingleCommissionedEmployeeNoReceipts" executed="True" result="Success" success="True" time="0.000" asserts="6" />
                      <test-case name="PayRoll.UnitTest.BLL.PayDayTransactionTest.ExecuteTest_PaySingleCommissionedEmployeeOneReceipt" executed="True" result="Success" success="True" time="0.016" asserts="6" />
                      <test-case name="PayRoll.UnitTest.BLL.PayDayTransactionTest.ExecuteTest_PaySingleCommissionedEmployeeOnWrongDate" executed="True" result="Success" success="True" time="0.000" asserts="1" />
                      <test-case name="PayRoll.UnitTest.BLL.PayDayTransactionTest.ExecuteTest_PaySingleCommissionedEmployeeTwoReceipts" executed="True" result="Success" success="True" time="0.000" asserts="6" />
                      <test-case name="PayRoll.UnitTest.BLL.PayDayTransactionTest.ExecuteTest_PaySingleCommissionedEmployeeWithReceiptsSpanningTwoPayPeriods" executed="True" result="Success" success="True" time="0.000" asserts="6" />
                      <test-case name="PayRoll.UnitTest.BLL.PayDayTransactionTest.ExecuteTest_PaySingleHourlyEmployeeTwoTimeCards" executed="True" result="Success" success="True" time="0.000" asserts="6" />
                      <test-case name="PayRoll.UnitTest.BLL.PayDayTransactionTest.ExecuteTest_PaySingleHourlyEmployeeWithTimeCardsSpanningTwoPayPeriods" executed="True" result="Success" success="True" time="0.000" asserts="6" />
                      <test-case name="PayRoll.UnitTest.BLL.PayDayTransactionTest.ExecuteTest_PaySingleSalariedEmployee" executed="True" result="Success" success="True" time="0.000" asserts="7" />
                      <test-case name="PayRoll.UnitTest.BLL.PayDayTransactionTest.ExecuteTest_SalariedUnionMemberDues" executed="True" result="Success" success="True" time="0.000" asserts="6" />
                      <test-case name="PayRoll.UnitTest.BLL.PayDayTransactionTest.ExecuteTest_ServiceChargesSpanningMultiplePayPeriods" executed="True" result="Success" success="True" time="0.000" asserts="6" />
                    </results>
                  </test-suite>
                  <test-suite type="TestFixture" name="SalesReceiptTranscationTest" executed="True" result="Success" success="True" time="0.016" asserts="0">
                    <results>
                      <test-case name="PayRoll.UnitTest.BLL.SalesReceiptTranscationTest.ExecuteTest" executed="True" result="Success" success="True" time="0.000" asserts="4" />
                    </results>
                  </test-suite>
                  <test-suite type="TestFixture" name="ServiceChargeTransactionTest" executed="True" result="Success" success="True" time="0.016" asserts="0">
                    <results>
                      <test-case name="PayRoll.UnitTest.BLL.ServiceChargeTransactionTest.ExecuteTest" executed="True" result="Success" success="True" time="0.000" asserts="4" />
                    </results>
                  </test-suite>
                  <test-suite type="TestFixture" name="TimeCardTransactionTest" executed="True" result="Success" success="True" time="0.031" asserts="0">
                    <results>
                      <test-case name="PayRoll.UnitTest.BLL.TimeCardTransactionTest.ExecuteTest" executed="True" result="Success" success="True" time="0.000" asserts="4" />
                    </results>
                  </test-suite>
                  <test-suite type="TestFixture" name="UnionAffiliationTest" executed="True" result="Success" success="True" time="0.016" asserts="0">
                    <results>
                      <test-case name="PayRoll.UnitTest.BLL.UnionAffiliationTest.NumberOfFridaysTest" executed="True" result="Success" success="True" time="0.000" asserts="3" />
                    </results>
                  </test-suite>
                </results>
              </test-suite>
              <test-suite type="Namespace" name="DAL" executed="True" result="Success" success="True" time="0.953" asserts="0">
                <results>
                  <test-suite type="TestFixture" name="SqlPayrollDatabaseTest" executed="True" result="Success" success="True" time="0.953" asserts="0">
                    <categories>
                      <category name="need_sqlserver" />
                    </categories>
                    <results>
                      <test-case name="PayRoll.UnitTest.DAL.SqlPayrollDatabaseTest.AddEmployee" executed="True" result="Success" success="True" time="0.953" asserts="4" />
                    </results>
                  </test-suite>
                </results>
              </test-suite>
            </results>
          </test-suite>
        </results>
      </test-suite>
    </results>
  </test-suite>
</test-results>