<?xml version="1.0" encoding="utf-8" standalone="no"?>
<!--This file represents the results of running a test suite-->
<test-results name="D:\Documents and Settings\TerryQ\My Documents\visual studio 2010\Projects\PayRoll\PayRoll.UnitTest\bin\Debug\PayRoll.UnitTest.dll" total="2" errors="0" failures="0" not-run="0" inconclusive="0" ignored="0" skipped="0" invalid="0" date="2014-02-28" time="14:04:52">
  <environment nunit-version="2.6.2.12296" clr-version="2.0.50727.3655" os-version="Microsoft Windows NT 5.1.2600 Service Pack 3" platform="Win32NT" cwd="C:\Program Files\NUnit 2.6.2\bin" machine-name="TERRYQ-A6092DCD" user="TerryQ" user-domain="TERRYQ-A6092DCD" />
  <culture-info current-culture="zh-CN" current-uiculture="zh-CN" />
  <test-suite type="Assembly" name="D:\Documents and Settings\TerryQ\My Documents\visual studio 2010\Projects\PayRoll\PayRoll.UnitTest\bin\Debug\PayRoll.UnitTest.dll" executed="True" result="Success" success="True" time="0.203" asserts="0">
    <results>
      <test-suite type="Namespace" name="PayRoll" executed="True" result="Success" success="True" time="0.188" asserts="0">
        <results>
          <test-suite type="Namespace" name="UnitTest" executed="True" result="Success" success="True" time="0.188" asserts="0">
            <results>
              <test-suite type="Namespace" name="BLL" executed="True" result="Success" success="True" time="0.172" asserts="0">
                <results>
                  <test-suite type="TestFixture" name="AddHourlyEmployeeTest" executed="True" result="Success" success="True" time="0.109" asserts="0">
                    <results>
                      <test-case name="PayRoll.UnitTest.BLL.AddHourlyEmployeeTest.TestAddHourlyEmployee" executed="True" result="Success" success="True" time="0.094" asserts="6" />
                    </results>
                  </test-suite>
                  <test-suite type="TestFixture" name="AddSalariedEmployeeTest" executed="True" result="Success" success="True" time="0.016" asserts="0">
                    <results>
                      <test-case name="PayRoll.UnitTest.BLL.AddSalariedEmployeeTest.TestAddSalariedEmployee" executed="True" result="Success" success="True" time="0.000" asserts="6" />
                    </results>
                  </test-suite>
                </results>
              </test-suite>
            </results>
          </test-suite>
        </results>
      </test-suite>
    </results>
  </test-suite>
</test-results>